<?xml version="1.0" encoding="UTF-8"?>
<testsuite xmlns:xsi="http://www.w3.org/2001/XMLSchema-instance" xsi:noNamespaceSchemaLocation="https://maven.apache.org/surefire/maven-surefire-plugin/xsd/surefire-test-report.xsd" name="com.hogwarts.selenium.ch15_advanced.ScreenTest" time="3.037" tests="1" errors="0" skipped="0" failures="1">
  <properties>
    <property name="gopherProxySet" value="false"/>
    <property name="awt.toolkit" value="sun.lwawt.macosx.LWCToolkit"/>
    <property name="file.encoding.pkg" value="sun.io"/>
    <property name="java.specification.version" value="1.8"/>
    <property name="sun.cpu.isalist" value=""/>
    <property name="sun.jnu.encoding" value="UTF-8"/>
    <property name="java.class.path" value="/Users/lixiaochen/Downloads/javaCourse/target/test-classes:/Users/lixiaochen/Downloads/javaCourse/target/classes:/Users/lixiaochen/Library/apache-maven-3.6.3/repository/org/junit/jupiter/junit-jupiter/5.8.2/junit-jupiter-5.8.2.jar:/Users/lixiaochen/Library/apache-maven-3.6.3/repository/org/junit/jupiter/junit-jupiter-api/5.8.2/junit-jupiter-api-5.8.2.jar:/Users/lixiaochen/Library/apache-maven-3.6.3/repository/org/opentest4j/opentest4j/1.2.0/opentest4j-1.2.0.jar:/Users/lixiaochen/Library/apache-maven-3.6.3/repository/org/junit/jupiter/junit-jupiter-engine/5.8.2/junit-jupiter-engine-5.8.2.jar:/Users/lixiaochen/Library/apache-maven-3.6.3/repository/org/junit/platform/junit-platform-engine/1.8.2/junit-platform-engine-1.8.2.jar:/Users/lixiaochen/Library/apache-maven-3.6.3/repository/org/junit/jupiter/junit-jupiter-params/5.8.2/junit-jupiter-params-5.8.2.jar:/Users/lixiaochen/Library/apache-maven-3.6.3/repository/org/apiguardian/apiguardian-api/1.1.2/apiguardian-api-1.1.2.jar:/Users/lixiaochen/Library/apache-maven-3.6.3/repository/org/junit/platform/junit-platform-suite-api/1.8.2/junit-platform-suite-api-1.8.2.jar:/Users/lixiaochen/Library/apache-maven-3.6.3/repository/org/hamcrest/hamcrest/2.2/hamcrest-2.2.jar:/Users/lixiaochen/Library/apache-maven-3.6.3/repository/org/junit/platform/junit-platform-commons/1.8.2/junit-platform-commons-1.8.2.jar:/Users/lixiaochen/Library/apache-maven-3.6.3/repository/org/slf4j/slf4j-api/1.7.36/slf4j-api-1.7.36.jar:/Users/lixiaochen/Library/apache-maven-3.6.3/repository/org/apache/commons/commons-lang3/3.12.0/commons-lang3-3.12.0.jar:/Users/lixiaochen/Library/apache-maven-3.6.3/repository/ch/qos/logback/logback-classic/1.2.11/logback-classic-1.2.11.jar:/Users/lixiaochen/Library/apache-maven-3.6.3/repository/ch/qos/logback/logback-core/1.2.11/logback-core-1.2.11.jar:/Users/lixiaochen/Library/apache-maven-3.6.3/repository/com/fasterxml/jackson/core/jackson-databind/2.13.2.1/jackson-databind-2.13.2.1.jar:/Users/lixiaochen/Library/apache-maven-3.6.3/repository/com/fasterxml/jackson/core/jackson-annotations/2.13.2/jackson-annotations-2.13.2.jar:/Users/lixiaochen/Library/apache-maven-3.6.3/repository/com/fasterxml/jackson/core/jackson-core/2.13.2/jackson-core-2.13.2.jar:/Users/lixiaochen/Library/apache-maven-3.6.3/repository/com/fasterxml/jackson/dataformat/jackson-dataformat-yaml/2.11.4/jackson-dataformat-yaml-2.11.4.jar:/Users/lixiaochen/Library/apache-maven-3.6.3/repository/org/yaml/snakeyaml/1.26/snakeyaml-1.26.jar:/Users/lixiaochen/Library/apache-maven-3.6.3/repository/com/fasterxml/jackson/datatype/jackson-datatype-jsr310/2.13.2/jackson-datatype-jsr310-2.13.2.jar:/Users/lixiaochen/Library/apache-maven-3.6.3/repository/com/fasterxml/jackson/dataformat/jackson-dataformat-xml/2.13.1/jackson-dataformat-xml-2.13.1.jar:/Users/lixiaochen/Library/apache-maven-3.6.3/repository/org/codehaus/woodstox/stax2-api/4.2.1/stax2-api-4.2.1.jar:/Users/lixiaochen/Library/apache-maven-3.6.3/repository/com/fasterxml/woodstox/woodstox-core/6.2.7/woodstox-core-6.2.7.jar:/Users/lixiaochen/Library/apache-maven-3.6.3/repository/org/apache/poi/poi/4.1.2/poi-4.1.2.jar:/Users/lixiaochen/Library/apache-maven-3.6.3/repository/org/apache/commons/commons-collections4/4.4/commons-collections4-4.4.jar:/Users/lixiaochen/Library/apache-maven-3.6.3/repository/org/apache/commons/commons-math3/3.6.1/commons-math3-3.6.1.jar:/Users/lixiaochen/Library/apache-maven-3.6.3/repository/com/zaxxer/SparseBitSet/1.2/SparseBitSet-1.2.jar:/Users/lixiaochen/Library/apache-maven-3.6.3/repository/org/apache/poi/poi-ooxml/4.1.2/poi-ooxml-4.1.2.jar:/Users/lixiaochen/Library/apache-maven-3.6.3/repository/org/apache/poi/poi-ooxml-schemas/4.1.2/poi-ooxml-schemas-4.1.2.jar:/Users/lixiaochen/Library/apache-maven-3.6.3/repository/org/apache/xmlbeans/xmlbeans/3.1.0/xmlbeans-3.1.0.jar:/Users/lixiaochen/Library/apache-maven-3.6.3/repository/org/apache/commons/commons-compress/1.19/commons-compress-1.19.jar:/Users/lixiaochen/Library/apache-maven-3.6.3/repository/com/github/virtuald/curvesapi/1.06/curvesapi-1.06.jar:/Users/lixiaochen/Library/apache-maven-3.6.3/repository/com/fasterxml/jackson/dataformat/jackson-dataformat-csv/2.13.3/jackson-dataformat-csv-2.13.3.jar:/Users/lixiaochen/Library/apache-maven-3.6.3/repository/io/qameta/allure/allure-junit5/2.13.5/allure-junit5-2.13.5.jar:/Users/lixiaochen/Library/apache-maven-3.6.3/repository/io/qameta/allure/allure-junit-platform/2.13.5/allure-junit-platform-2.13.5.jar:/Users/lixiaochen/Library/apache-maven-3.6.3/repository/io/qameta/allure/allure-java-commons/2.13.5/allure-java-commons-2.13.5.jar:/Users/lixiaochen/Library/apache-maven-3.6.3/repository/io/qameta/allure/allure-model/2.13.5/allure-model-2.13.5.jar:/Users/lixiaochen/Library/apache-maven-3.6.3/repository/org/apache/tika/tika-core/1.20/tika-core-1.20.jar:/Users/lixiaochen/Library/apache-maven-3.6.3/repository/org/jooq/joor-java-8/0.9.10/joor-java-8-0.9.10.jar:/Users/lixiaochen/Library/apache-maven-3.6.3/repository/org/junit/platform/junit-platform-launcher/1.5.2/junit-platform-launcher-1.5.2.jar:/Users/lixiaochen/Library/apache-maven-3.6.3/repository/org/seleniumhq/selenium/selenium-java/4.1.3/selenium-java-4.1.3.jar:/Users/lixiaochen/Library/apache-maven-3.6.3/repository/org/seleniumhq/selenium/selenium-api/4.1.3/selenium-api-4.1.3.jar:/Users/lixiaochen/Library/apache-maven-3.6.3/repository/org/seleniumhq/selenium/selenium-chrome-driver/4.1.3/selenium-chrome-driver-4.1.3.jar:/Users/lixiaochen/Library/apache-maven-3.6.3/repository/com/google/auto/service/auto-service-annotations/1.0.1/auto-service-annotations-1.0.1.jar:/Users/lixiaochen/Library/apache-maven-3.6.3/repository/com/google/auto/service/auto-service/1.0.1/auto-service-1.0.1.jar:/Users/lixiaochen/Library/apache-maven-3.6.3/repository/com/google/auto/auto-common/1.2/auto-common-1.2.jar:/Users/lixiaochen/Library/apache-maven-3.6.3/repository/com/google/guava/guava/31.1-jre/guava-31.1-jre.jar:/Users/lixiaochen/Library/apache-maven-3.6.3/repository/com/google/guava/failureaccess/1.0.1/failureaccess-1.0.1.jar:/Users/lixiaochen/Library/apache-maven-3.6.3/repository/com/google/guava/listenablefuture/9999.0-empty-to-avoid-conflict-with-guava/listenablefuture-9999.0-empty-to-avoid-conflict-with-guava.jar:/Users/lixiaochen/Library/apache-maven-3.6.3/repository/org/checkerframework/checker-qual/3.12.0/checker-qual-3.12.0.jar:/Users/lixiaochen/Library/apache-maven-3.6.3/repository/com/google/errorprone/error_prone_annotations/2.11.0/error_prone_annotations-2.11.0.jar:/Users/lixiaochen/Library/apache-maven-3.6.3/repository/com/google/j2objc/j2objc-annotations/1.3/j2objc-annotations-1.3.jar:/Users/lixiaochen/Library/apache-maven-3.6.3/repository/org/seleniumhq/selenium/selenium-chromium-driver/4.1.3/selenium-chromium-driver-4.1.3.jar:/Users/lixiaochen/Library/apache-maven-3.6.3/repository/org/seleniumhq/selenium/selenium-json/4.1.3/selenium-json-4.1.3.jar:/Users/lixiaochen/Library/apache-maven-3.6.3/repository/org/seleniumhq/selenium/selenium-devtools-v85/4.1.3/selenium-devtools-v85-4.1.3.jar:/Users/lixiaochen/Library/apache-maven-3.6.3/repository/org/seleniumhq/selenium/selenium-devtools-v97/4.1.3/selenium-devtools-v97-4.1.3.jar:/Users/lixiaochen/Library/apache-maven-3.6.3/repository/org/seleniumhq/selenium/selenium-devtools-v98/4.1.3/selenium-devtools-v98-4.1.3.jar:/Users/lixiaochen/Library/apache-maven-3.6.3/repository/org/seleniumhq/selenium/selenium-devtools-v99/4.1.3/selenium-devtools-v99-4.1.3.jar:/Users/lixiaochen/Library/apache-maven-3.6.3/repository/org/seleniumhq/selenium/selenium-edge-driver/4.1.3/selenium-edge-driver-4.1.3.jar:/Users/lixiaochen/Library/apache-maven-3.6.3/repository/org/seleniumhq/selenium/selenium-firefox-driver/4.1.3/selenium-firefox-driver-4.1.3.jar:/Users/lixiaochen/Library/apache-maven-3.6.3/repository/org/seleniumhq/selenium/selenium-ie-driver/4.1.3/selenium-ie-driver-4.1.3.jar:/Users/lixiaochen/Library/apache-maven-3.6.3/repository/org/seleniumhq/selenium/selenium-opera-driver/4.1.3/selenium-opera-driver-4.1.3.jar:/Users/lixiaochen/Library/apache-maven-3.6.3/repository/org/seleniumhq/selenium/selenium-remote-driver/4.1.3/selenium-remote-driver-4.1.3.jar:/Users/lixiaochen/Library/apache-maven-3.6.3/repository/com/beust/jcommander/1.82/jcommander-1.82.jar:/Users/lixiaochen/Library/apache-maven-3.6.3/repository/io/netty/netty-buffer/4.1.75.Final/netty-buffer-4.1.75.Final.jar:/Users/lixiaochen/Library/apache-maven-3.6.3/repository/io/netty/netty-codec-http/4.1.75.Final/netty-codec-http-4.1.75.Final.jar:/Users/lixiaochen/Library/apache-maven-3.6.3/repository/io/netty/netty-codec/4.1.75.Final/netty-codec-4.1.75.Final.jar:/Users/lixiaochen/Library/apache-maven-3.6.3/repository/io/netty/netty-handler/4.1.75.Final/netty-handler-4.1.75.Final.jar:/Users/lixiaochen/Library/apache-maven-3.6.3/repository/io/netty/netty-common/4.1.75.Final/netty-common-4.1.75.Final.jar:/Users/lixiaochen/Library/apache-maven-3.6.3/repository/io/netty/netty-transport-classes-epoll/4.1.75.Final/netty-transport-classes-epoll-4.1.75.Final.jar:/Users/lixiaochen/Library/apache-maven-3.6.3/repository/io/netty/netty-transport-classes-kqueue/4.1.75.Final/netty-transport-classes-kqueue-4.1.75.Final.jar:/Users/lixiaochen/Library/apache-maven-3.6.3/repository/io/netty/netty-transport-native-epoll/4.1.75.Final/netty-transport-native-epoll-4.1.75.Final.jar:/Users/lixiaochen/Library/apache-maven-3.6.3/repository/io/netty/netty-transport-native-kqueue/4.1.75.Final/netty-transport-native-kqueue-4.1.75.Final.jar:/Users/lixiaochen/Library/apache-maven-3.6.3/repository/io/netty/netty-transport-native-unix-common/4.1.75.Final/netty-transport-native-unix-common-4.1.75.Final.jar:/Users/lixiaochen/Library/apache-maven-3.6.3/repository/io/netty/netty-transport/4.1.75.Final/netty-transport-4.1.75.Final.jar:/Users/lixiaochen/Library/apache-maven-3.6.3/repository/io/netty/netty-resolver/4.1.75.Final/netty-resolver-4.1.75.Final.jar:/Users/lixiaochen/Library/apache-maven-3.6.3/repository/io/opentelemetry/opentelemetry-api/1.12.0/opentelemetry-api-1.12.0.jar:/Users/lixiaochen/Library/apache-maven-3.6.3/repository/io/opentelemetry/opentelemetry-context/1.12.0/opentelemetry-context-1.12.0.jar:/Users/lixiaochen/Library/apache-maven-3.6.3/repository/io/opentelemetry/opentelemetry-exporter-logging/1.12.0/opentelemetry-exporter-logging-1.12.0.jar:/Users/lixiaochen/Library/apache-maven-3.6.3/repository/io/opentelemetry/opentelemetry-sdk-metrics/1.12.0-alpha/opentelemetry-sdk-metrics-1.12.0-alpha.jar:/Users/lixiaochen/Library/apache-maven-3.6.3/repository/io/opentelemetry/opentelemetry-sdk-logs/1.12.0-alpha/opentelemetry-sdk-logs-1.12.0-alpha.jar:/Users/lixiaochen/Library/apache-maven-3.6.3/repository/io/opentelemetry/opentelemetry-sdk-common/1.12.0/opentelemetry-sdk-common-1.12.0.jar:/Users/lixiaochen/Library/apache-maven-3.6.3/repository/io/opentelemetry/opentelemetry-sdk-extension-autoconfigure-spi/1.12.0/opentelemetry-sdk-extension-autoconfigure-spi-1.12.0.jar:/Users/lixiaochen/Library/apache-maven-3.6.3/repository/io/opentelemetry/opentelemetry-sdk-extension-autoconfigure/1.12.0-alpha/opentelemetry-sdk-extension-autoconfigure-1.12.0-alpha.jar:/Users/lixiaochen/Library/apache-maven-3.6.3/repository/io/opentelemetry/opentelemetry-sdk-trace/1.12.0/opentelemetry-sdk-trace-1.12.0.jar:/Users/lixiaochen/Library/apache-maven-3.6.3/repository/io/opentelemetry/opentelemetry-sdk/1.12.0/opentelemetry-sdk-1.12.0.jar:/Users/lixiaochen/Library/apache-maven-3.6.3/repository/io/opentelemetry/opentelemetry-semconv/1.12.0-alpha/opentelemetry-semconv-1.12.0-alpha.jar:/Users/lixiaochen/Library/apache-maven-3.6.3/repository/io/ous/jtoml/2.0.0/jtoml-2.0.0.jar:/Users/lixiaochen/Library/apache-maven-3.6.3/repository/net/bytebuddy/byte-buddy/1.12.8/byte-buddy-1.12.8.jar:/Users/lixiaochen/Library/apache-maven-3.6.3/repository/org/apache/commons/commons-exec/1.3/commons-exec-1.3.jar:/Users/lixiaochen/Library/apache-maven-3.6.3/repository/org/asynchttpclient/async-http-client/2.12.3/async-http-client-2.12.3.jar:/Users/lixiaochen/Library/apache-maven-3.6.3/repository/org/asynchttpclient/async-http-client-netty-utils/2.12.3/async-http-client-netty-utils-2.12.3.jar:/Users/lixiaochen/Library/apache-maven-3.6.3/repository/io/netty/netty-codec-socks/4.1.60.Final/netty-codec-socks-4.1.60.Final.jar:/Users/lixiaochen/Library/apache-maven-3.6.3/repository/io/netty/netty-handler-proxy/4.1.60.Final/netty-handler-proxy-4.1.60.Final.jar:/Users/lixiaochen/Library/apache-maven-3.6.3/repository/io/netty/netty-transport-native-epoll/4.1.60.Final/netty-transport-native-epoll-4.1.60.Final-linux-x86_64.jar:/Users/lixiaochen/Library/apache-maven-3.6.3/repository/io/netty/netty-transport-native-kqueue/4.1.60.Final/netty-transport-native-kqueue-4.1.60.Final-osx-x86_64.jar:/Users/lixiaochen/Library/apache-maven-3.6.3/repository/org/reactivestreams/reactive-streams/1.0.3/reactive-streams-1.0.3.jar:/Users/lixiaochen/Library/apache-maven-3.6.3/repository/com/typesafe/netty/netty-reactive-streams/2.0.4/netty-reactive-streams-2.0.4.jar:/Users/lixiaochen/Library/apache-maven-3.6.3/repository/com/sun/activation/jakarta.activation/1.2.2/jakarta.activation-1.2.2.jar:/Users/lixiaochen/Library/apache-maven-3.6.3/repository/org/seleniumhq/selenium/selenium-http/4.1.3/selenium-http-4.1.3.jar:/Users/lixiaochen/Library/apache-maven-3.6.3/repository/dev/failsafe/failsafe/3.2.3/failsafe-3.2.3.jar:/Users/lixiaochen/Library/apache-maven-3.6.3/repository/org/seleniumhq/selenium/selenium-safari-driver/4.1.3/selenium-safari-driver-4.1.3.jar:/Users/lixiaochen/Library/apache-maven-3.6.3/repository/org/seleniumhq/selenium/selenium-support/4.1.3/selenium-support-4.1.3.jar:/Users/lixiaochen/Library/apache-maven-3.6.3/repository/commons-io/commons-io/2.11.0/commons-io-2.11.0.jar:/Users/lixiaochen/Library/apache-maven-3.6.3/repository/com/github/javafaker/javafaker/1.0.2/javafaker-1.0.2.jar:/Users/lixiaochen/Library/apache-maven-3.6.3/repository/org/yaml/snakeyaml/1.23/snakeyaml-1.23-android.jar:/Users/lixiaochen/Library/apache-maven-3.6.3/repository/com/github/mifmif/generex/1.0.2/generex-1.0.2.jar:/Users/lixiaochen/Library/apache-maven-3.6.3/repository/dk/brics/automaton/automaton/1.11-8/automaton-1.11-8.jar:/Users/lixiaochen/Library/apache-maven-3.6.3/repository/io/appium/java-client/8.0.0/java-client-8.0.0.jar:/Users/lixiaochen/Library/apache-maven-3.6.3/repository/com/google/code/gson/gson/2.9.0/gson-2.9.0.jar:/Users/lixiaochen/Library/apache-maven-3.6.3/repository/cglib/cglib/3.3.0/cglib-3.3.0.jar:/Users/lixiaochen/Library/apache-maven-3.6.3/repository/org/ow2/asm/asm/7.1/asm-7.1.jar:/Users/lixiaochen/Library/apache-maven-3.6.3/repository/commons-validator/commons-validator/1.7/commons-validator-1.7.jar:/Users/lixiaochen/Library/apache-maven-3.6.3/repository/commons-digester/commons-digester/2.1/commons-digester-2.1.jar:/Users/lixiaochen/Library/apache-maven-3.6.3/repository/org/aspectj/aspectjweaver/1.9.8/aspectjweaver-1.9.8.jar:/Users/lixiaochen/Library/apache-maven-3.6.3/repository/io/rest-assured/rest-assured/4.4.0/rest-assured-4.4.0.jar:/Users/lixiaochen/Library/apache-maven-3.6.3/repository/org/codehaus/groovy/groovy/3.0.8/groovy-3.0.8.jar:/Users/lixiaochen/Library/apache-maven-3.6.3/repository/org/codehaus/groovy/groovy-xml/3.0.8/groovy-xml-3.0.8.jar:/Users/lixiaochen/Library/apache-maven-3.6.3/repository/org/apache/httpcomponents/httpclient/4.5.13/httpclient-4.5.13.jar:/Users/lixiaochen/Library/apache-maven-3.6.3/repository/org/apache/httpcomponents/httpcore/4.4.13/httpcore-4.4.13.jar:/Users/lixiaochen/Library/apache-maven-3.6.3/repository/org/apache/httpcomponents/httpmime/4.5.13/httpmime-4.5.13.jar:/Users/lixiaochen/Library/apache-maven-3.6.3/repository/org/ccil/cowan/tagsoup/tagsoup/1.2.1/tagsoup-1.2.1.jar:/Users/lixiaochen/Library/apache-maven-3.6.3/repository/io/rest-assured/json-path/4.4.0/json-path-4.4.0.jar:/Users/lixiaochen/Library/apache-maven-3.6.3/repository/org/codehaus/groovy/groovy-json/3.0.8/groovy-json-3.0.8.jar:/Users/lixiaochen/Library/apache-maven-3.6.3/repository/io/rest-assured/rest-assured-common/4.4.0/rest-assured-common-4.4.0.jar:/Users/lixiaochen/Library/apache-maven-3.6.3/repository/io/rest-assured/xml-path/4.4.0/xml-path-4.4.0.jar:/Users/lixiaochen/Library/apache-maven-3.6.3/repository/jakarta/xml/bind/jakarta.xml.bind-api/2.3.3/jakarta.xml.bind-api-2.3.3.jar:/Users/lixiaochen/Library/apache-maven-3.6.3/repository/jakarta/activation/jakarta.activation-api/1.2.2/jakarta.activation-api-1.2.2.jar:/Users/lixiaochen/Library/apache-maven-3.6.3/repository/com/sun/xml/bind/jaxb-impl/2.3.3/jaxb-impl-2.3.3.jar:/Users/lixiaochen/Library/apache-maven-3.6.3/repository/com/jayway/jsonpath/json-path/2.6.0/json-path-2.6.0.jar:/Users/lixiaochen/Library/apache-maven-3.6.3/repository/net/minidev/json-smart/2.4.7/json-smart-2.4.7.jar:/Users/lixiaochen/Library/apache-maven-3.6.3/repository/net/minidev/accessors-smart/2.4.7/accessors-smart-2.4.7.jar:/Users/lixiaochen/Library/apache-maven-3.6.3/repository/io/rest-assured/json-schema-validator/4.4.0/json-schema-validator-4.4.0.jar:/Users/lixiaochen/Library/apache-maven-3.6.3/repository/com/github/java-json-tools/json-schema-validator/2.2.14/json-schema-validator-2.2.14.jar:/Users/lixiaochen/Library/apache-maven-3.6.3/repository/com/github/java-json-tools/jackson-coreutils-equivalence/1.0/jackson-coreutils-equivalence-1.0.jar:/Users/lixiaochen/Library/apache-maven-3.6.3/repository/com/github/java-json-tools/jackson-coreutils/2.0/jackson-coreutils-2.0.jar:/Users/lixiaochen/Library/apache-maven-3.6.3/repository/com/github/java-json-tools/msg-simple/1.2/msg-simple-1.2.jar:/Users/lixiaochen/Library/apache-maven-3.6.3/repository/com/github/java-json-tools/btf/1.3/btf-1.3.jar:/Users/lixiaochen/Library/apache-maven-3.6.3/repository/com/github/java-json-tools/json-schema-core/1.2.14/json-schema-core-1.2.14.jar:/Users/lixiaochen/Library/apache-maven-3.6.3/repository/com/github/java-json-tools/uri-template/0.10/uri-template-0.10.jar:/Users/lixiaochen/Library/apache-maven-3.6.3/repository/org/mozilla/rhino/1.7.7.2/rhino-1.7.7.2.jar:/Users/lixiaochen/Library/apache-maven-3.6.3/repository/com/sun/mail/mailapi/1.6.2/mailapi-1.6.2.jar:/Users/lixiaochen/Library/apache-maven-3.6.3/repository/com/googlecode/libphonenumber/libphonenumber/8.11.1/libphonenumber-8.11.1.jar:/Users/lixiaochen/Library/apache-maven-3.6.3/repository/com/google/code/findbugs/jsr305/3.0.2/jsr305-3.0.2.jar:/Users/lixiaochen/Library/apache-maven-3.6.3/repository/net/sf/jopt-simple/jopt-simple/5.0.4/jopt-simple-5.0.4.jar:/Users/lixiaochen/Library/apache-maven-3.6.3/repository/mysql/mysql-connector-java/8.0.18/mysql-connector-java-8.0.18.jar:/Users/lixiaochen/Library/apache-maven-3.6.3/repository/com/google/protobuf/protobuf-java/3.6.1/protobuf-java-3.6.1.jar:/Users/lixiaochen/Library/apache-maven-3.6.3/repository/org/mybatis/mybatis/3.5.9/mybatis-3.5.9.jar:/Users/lixiaochen/Library/apache-maven-3.6.3/repository/org/mybatis/mybatis-spring/2.0.7/mybatis-spring-2.0.7.jar:/Users/lixiaochen/Library/apache-maven-3.6.3/repository/com/github/pagehelper/pagehelper/5.1.10/pagehelper-5.1.10.jar:/Users/lixiaochen/Library/apache-maven-3.6.3/repository/com/github/jsqlparser/jsqlparser/2.0/jsqlparser-2.0.jar:/Users/lixiaochen/Library/apache-maven-3.6.3/repository/com/alibaba/druid/1.1.10/druid-1.1.10.jar:/Users/lixiaochen/Library/apache-maven-3.6.3/repository/javax/servlet/jstl/1.2/jstl-1.2.jar:/Users/lixiaochen/Library/apache-maven-3.6.3/repository/org/springframework/spring-context/5.3.23/spring-context-5.3.23.jar:/Users/lixiaochen/Library/apache-maven-3.6.3/repository/org/springframework/spring-aop/5.3.23/spring-aop-5.3.23.jar:/Users/lixiaochen/Library/apache-maven-3.6.3/repository/org/springframework/spring-beans/5.3.23/spring-beans-5.3.23.jar:/Users/lixiaochen/Library/apache-maven-3.6.3/repository/org/springframework/spring-core/5.3.23/spring-core-5.3.23.jar:/Users/lixiaochen/Library/apache-maven-3.6.3/repository/org/springframework/spring-jcl/5.3.23/spring-jcl-5.3.23.jar:/Users/lixiaochen/Library/apache-maven-3.6.3/repository/org/springframework/spring-expression/5.3.23/spring-expression-5.3.23.jar:/Users/lixiaochen/Library/apache-maven-3.6.3/repository/org/springframework/spring-context-support/5.3.14/spring-context-support-5.3.14.jar:/Users/lixiaochen/Library/apache-maven-3.6.3/repository/org/springframework/spring-webmvc/5.3.23/spring-webmvc-5.3.23.jar:/Users/lixiaochen/Library/apache-maven-3.6.3/repository/org/springframework/spring-web/5.3.23/spring-web-5.3.23.jar:/Users/lixiaochen/Library/apache-maven-3.6.3/repository/org/springframework/spring-jdbc/5.3.23/spring-jdbc-5.3.23.jar:/Users/lixiaochen/Library/apache-maven-3.6.3/repository/org/springframework/spring-tx/5.3.23/spring-tx-5.3.23.jar:/Users/lixiaochen/Library/apache-maven-3.6.3/repository/com/thetransactioncompany/cors-filter/2.10/cors-filter-2.10.jar:/Users/lixiaochen/Library/apache-maven-3.6.3/repository/com/thetransactioncompany/java-property-utils/1.16/java-property-utils-1.16.jar:/Users/lixiaochen/Library/apache-maven-3.6.3/repository/commons-fileupload/commons-fileupload/1.4/commons-fileupload-1.4.jar:/Users/lixiaochen/Library/apache-maven-3.6.3/repository/joda-time/joda-time/2.10.5/joda-time-2.10.5.jar:/Users/lixiaochen/Library/apache-maven-3.6.3/repository/org/freemarker/freemarker/2.3.30/freemarker-2.3.30.jar:/Users/lixiaochen/Library/apache-maven-3.6.3/repository/org/jooq/jooq/3.11.11/jooq-3.11.11.jar:/Users/lixiaochen/Library/apache-maven-3.6.3/repository/javax/xml/bind/jaxb-api/2.2.12/jaxb-api-2.2.12.jar:/Users/lixiaochen/Library/apache-maven-3.6.3/repository/org/projectlombok/lombok/1.18.8/lombok-1.18.8.jar:/Users/lixiaochen/Library/apache-maven-3.6.3/repository/com/github/spullara/mustache/java/compiler/0.9.10/compiler-0.9.10.jar:/Users/lixiaochen/Library/apache-maven-3.6.3/repository/javax/servlet/javax.servlet-api/4.0.1/javax.servlet-api-4.0.1.jar:/Users/lixiaochen/Library/apache-maven-3.6.3/repository/javax/servlet/jsp/javax.servlet.jsp-api/2.3.3/javax.servlet.jsp-api-2.3.3.jar:/Users/lixiaochen/Library/apache-maven-3.6.3/repository/taglibs/standard/1.1.2/standard-1.1.2.jar:/Users/lixiaochen/Library/apache-maven-3.6.3/repository/com/alibaba/fastjson/2.0.17/fastjson-2.0.17.jar:/Users/lixiaochen/Library/apache-maven-3.6.3/repository/com/alibaba/fastjson2/fastjson2-extension/2.0.17/fastjson2-extension-2.0.17.jar:/Users/lixiaochen/Library/apache-maven-3.6.3/repository/com/alibaba/fastjson2/fastjson2/2.0.17/fastjson2-2.0.17.jar:/Users/lixiaochen/Library/apache-maven-3.6.3/repository/commons-codec/commons-codec/1.15/commons-codec-1.15.jar:/Users/lixiaochen/Library/apache-maven-3.6.3/repository/commons-beanutils/commons-beanutils/1.9.4/commons-beanutils-1.9.4.jar:/Users/lixiaochen/Library/apache-maven-3.6.3/repository/commons-dbutils/commons-dbutils/1.6/commons-dbutils-1.6.jar:/Users/lixiaochen/Library/apache-maven-3.6.3/repository/commons-collections/commons-collections/3.2.2/commons-collections-3.2.2.jar:/Users/lixiaochen/Library/apache-maven-3.6.3/repository/commons-httpclient/commons-httpclient/3.1/commons-httpclient-3.1.jar:/Users/lixiaochen/Library/apache-maven-3.6.3/repository/commons-logging/commons-logging/1.2/commons-logging-1.2.jar:/Users/lixiaochen/Library/apache-maven-3.6.3/repository/commons-lang/commons-lang/2.6/commons-lang-2.6.jar:"/>
    <property name="java.vm.vendor" value="Oracle Corporation"/>
    <property name="sun.arch.data.model" value="64"/>
    <property name="java.vendor.url" value="http://java.oracle.com/"/>
    <property name="user.timezone" value="Asia/Shanghai"/>
    <property name="java.vm.specification.version" value="1.8"/>
    <property name="os.name" value="Mac OS X"/>
    <property name="user.country" value="CN"/>
    <property name="sun.java.launcher" value="SUN_STANDARD"/>
    <property name="sun.boot.library.path" value="/Library/Java/JavaVirtualMachines/jdk1.8.0_191.jdk/Contents/Home/jre/lib"/>
    <property name="sun.java.command" value="/Users/lixiaochen/Downloads/javaCourse/target/surefire/surefirebooter2955421812786939989.jar /Users/lixiaochen/Downloads/javaCourse/target/surefire 2023-02-09T09-12-45_145-jvmRun1 surefire5762918332941529866tmp surefire_05312727666416374947tmp"/>
    <property name="http.nonProxyHosts" value="local|*.local|169.254/16|*.169.254/16"/>
    <property name="surefire.test.class.path" value="/Users/lixiaochen/Downloads/javaCourse/target/test-classes:/Users/lixiaochen/Downloads/javaCourse/target/classes:/Users/lixiaochen/Library/apache-maven-3.6.3/repository/org/junit/jupiter/junit-jupiter/5.8.2/junit-jupiter-5.8.2.jar:/Users/lixiaochen/Library/apache-maven-3.6.3/repository/org/junit/jupiter/junit-jupiter-api/5.8.2/junit-jupiter-api-5.8.2.jar:/Users/lixiaochen/Library/apache-maven-3.6.3/repository/org/opentest4j/opentest4j/1.2.0/opentest4j-1.2.0.jar:/Users/lixiaochen/Library/apache-maven-3.6.3/repository/org/junit/jupiter/junit-jupiter-engine/5.8.2/junit-jupiter-engine-5.8.2.jar:/Users/lixiaochen/Library/apache-maven-3.6.3/repository/org/junit/platform/junit-platform-engine/1.8.2/junit-platform-engine-1.8.2.jar:/Users/lixiaochen/Library/apache-maven-3.6.3/repository/org/junit/jupiter/junit-jupiter-params/5.8.2/junit-jupiter-params-5.8.2.jar:/Users/lixiaochen/Library/apache-maven-3.6.3/repository/org/apiguardian/apiguardian-api/1.1.2/apiguardian-api-1.1.2.jar:/Users/lixiaochen/Library/apache-maven-3.6.3/repository/org/junit/platform/junit-platform-suite-api/1.8.2/junit-platform-suite-api-1.8.2.jar:/Users/lixiaochen/Library/apache-maven-3.6.3/repository/org/hamcrest/hamcrest/2.2/hamcrest-2.2.jar:/Users/lixiaochen/Library/apache-maven-3.6.3/repository/org/junit/platform/junit-platform-commons/1.8.2/junit-platform-commons-1.8.2.jar:/Users/lixiaochen/Library/apache-maven-3.6.3/repository/org/slf4j/slf4j-api/1.7.36/slf4j-api-1.7.36.jar:/Users/lixiaochen/Library/apache-maven-3.6.3/repository/org/apache/commons/commons-lang3/3.12.0/commons-lang3-3.12.0.jar:/Users/lixiaochen/Library/apache-maven-3.6.3/repository/ch/qos/logback/logback-classic/1.2.11/logback-classic-1.2.11.jar:/Users/lixiaochen/Library/apache-maven-3.6.3/repository/ch/qos/logback/logback-core/1.2.11/logback-core-1.2.11.jar:/Users/lixiaochen/Library/apache-maven-3.6.3/repository/com/fasterxml/jackson/core/jackson-databind/2.13.2.1/jackson-databind-2.13.2.1.jar:/Users/lixiaochen/Library/apache-maven-3.6.3/repository/com/fasterxml/jackson/core/jackson-annotations/2.13.2/jackson-annotations-2.13.2.jar:/Users/lixiaochen/Library/apache-maven-3.6.3/repository/com/fasterxml/jackson/core/jackson-core/2.13.2/jackson-core-2.13.2.jar:/Users/lixiaochen/Library/apache-maven-3.6.3/repository/com/fasterxml/jackson/dataformat/jackson-dataformat-yaml/2.11.4/jackson-dataformat-yaml-2.11.4.jar:/Users/lixiaochen/Library/apache-maven-3.6.3/repository/org/yaml/snakeyaml/1.26/snakeyaml-1.26.jar:/Users/lixiaochen/Library/apache-maven-3.6.3/repository/com/fasterxml/jackson/datatype/jackson-datatype-jsr310/2.13.2/jackson-datatype-jsr310-2.13.2.jar:/Users/lixiaochen/Library/apache-maven-3.6.3/repository/com/fasterxml/jackson/dataformat/jackson-dataformat-xml/2.13.1/jackson-dataformat-xml-2.13.1.jar:/Users/lixiaochen/Library/apache-maven-3.6.3/repository/org/codehaus/woodstox/stax2-api/4.2.1/stax2-api-4.2.1.jar:/Users/lixiaochen/Library/apache-maven-3.6.3/repository/com/fasterxml/woodstox/woodstox-core/6.2.7/woodstox-core-6.2.7.jar:/Users/lixiaochen/Library/apache-maven-3.6.3/repository/org/apache/poi/poi/4.1.2/poi-4.1.2.jar:/Users/lixiaochen/Library/apache-maven-3.6.3/repository/org/apache/commons/commons-collections4/4.4/commons-collections4-4.4.jar:/Users/lixiaochen/Library/apache-maven-3.6.3/repository/org/apache/commons/commons-math3/3.6.1/commons-math3-3.6.1.jar:/Users/lixiaochen/Library/apache-maven-3.6.3/repository/com/zaxxer/SparseBitSet/1.2/SparseBitSet-1.2.jar:/Users/lixiaochen/Library/apache-maven-3.6.3/repository/org/apache/poi/poi-ooxml/4.1.2/poi-ooxml-4.1.2.jar:/Users/lixiaochen/Library/apache-maven-3.6.3/repository/org/apache/poi/poi-ooxml-schemas/4.1.2/poi-ooxml-schemas-4.1.2.jar:/Users/lixiaochen/Library/apache-maven-3.6.3/repository/org/apache/xmlbeans/xmlbeans/3.1.0/xmlbeans-3.1.0.jar:/Users/lixiaochen/Library/apache-maven-3.6.3/repository/org/apache/commons/commons-compress/1.19/commons-compress-1.19.jar:/Users/lixiaochen/Library/apache-maven-3.6.3/repository/com/github/virtuald/curvesapi/1.06/curvesapi-1.06.jar:/Users/lixiaochen/Library/apache-maven-3.6.3/repository/com/fasterxml/jackson/dataformat/jackson-dataformat-csv/2.13.3/jackson-dataformat-csv-2.13.3.jar:/Users/lixiaochen/Library/apache-maven-3.6.3/repository/io/qameta/allure/allure-junit5/2.13.5/allure-junit5-2.13.5.jar:/Users/lixiaochen/Library/apache-maven-3.6.3/repository/io/qameta/allure/allure-junit-platform/2.13.5/allure-junit-platform-2.13.5.jar:/Users/lixiaochen/Library/apache-maven-3.6.3/repository/io/qameta/allure/allure-java-commons/2.13.5/allure-java-commons-2.13.5.jar:/Users/lixiaochen/Library/apache-maven-3.6.3/repository/io/qameta/allure/allure-model/2.13.5/allure-model-2.13.5.jar:/Users/lixiaochen/Library/apache-maven-3.6.3/repository/org/apache/tika/tika-core/1.20/tika-core-1.20.jar:/Users/lixiaochen/Library/apache-maven-3.6.3/repository/org/jooq/joor-java-8/0.9.10/joor-java-8-0.9.10.jar:/Users/lixiaochen/Library/apache-maven-3.6.3/repository/org/junit/platform/junit-platform-launcher/1.5.2/junit-platform-launcher-1.5.2.jar:/Users/lixiaochen/Library/apache-maven-3.6.3/repository/org/seleniumhq/selenium/selenium-java/4.1.3/selenium-java-4.1.3.jar:/Users/lixiaochen/Library/apache-maven-3.6.3/repository/org/seleniumhq/selenium/selenium-api/4.1.3/selenium-api-4.1.3.jar:/Users/lixiaochen/Library/apache-maven-3.6.3/repository/org/seleniumhq/selenium/selenium-chrome-driver/4.1.3/selenium-chrome-driver-4.1.3.jar:/Users/lixiaochen/Library/apache-maven-3.6.3/repository/com/google/auto/service/auto-service-annotations/1.0.1/auto-service-annotations-1.0.1.jar:/Users/lixiaochen/Library/apache-maven-3.6.3/repository/com/google/auto/service/auto-service/1.0.1/auto-service-1.0.1.jar:/Users/lixiaochen/Library/apache-maven-3.6.3/repository/com/google/auto/auto-common/1.2/auto-common-1.2.jar:/Users/lixiaochen/Library/apache-maven-3.6.3/repository/com/google/guava/guava/31.1-jre/guava-31.1-jre.jar:/Users/lixiaochen/Library/apache-maven-3.6.3/repository/com/google/guava/failureaccess/1.0.1/failureaccess-1.0.1.jar:/Users/lixiaochen/Library/apache-maven-3.6.3/repository/com/google/guava/listenablefuture/9999.0-empty-to-avoid-conflict-with-guava/listenablefuture-9999.0-empty-to-avoid-conflict-with-guava.jar:/Users/lixiaochen/Library/apache-maven-3.6.3/repository/org/checkerframework/checker-qual/3.12.0/checker-qual-3.12.0.jar:/Users/lixiaochen/Library/apache-maven-3.6.3/repository/com/google/errorprone/error_prone_annotations/2.11.0/error_prone_annotations-2.11.0.jar:/Users/lixiaochen/Library/apache-maven-3.6.3/repository/com/google/j2objc/j2objc-annotations/1.3/j2objc-annotations-1.3.jar:/Users/lixiaochen/Library/apache-maven-3.6.3/repository/org/seleniumhq/selenium/selenium-chromium-driver/4.1.3/selenium-chromium-driver-4.1.3.jar:/Users/lixiaochen/Library/apache-maven-3.6.3/repository/org/seleniumhq/selenium/selenium-json/4.1.3/selenium-json-4.1.3.jar:/Users/lixiaochen/Library/apache-maven-3.6.3/repository/org/seleniumhq/selenium/selenium-devtools-v85/4.1.3/selenium-devtools-v85-4.1.3.jar:/Users/lixiaochen/Library/apache-maven-3.6.3/repository/org/seleniumhq/selenium/selenium-devtools-v97/4.1.3/selenium-devtools-v97-4.1.3.jar:/Users/lixiaochen/Library/apache-maven-3.6.3/repository/org/seleniumhq/selenium/selenium-devtools-v98/4.1.3/selenium-devtools-v98-4.1.3.jar:/Users/lixiaochen/Library/apache-maven-3.6.3/repository/org/seleniumhq/selenium/selenium-devtools-v99/4.1.3/selenium-devtools-v99-4.1.3.jar:/Users/lixiaochen/Library/apache-maven-3.6.3/repository/org/seleniumhq/selenium/selenium-edge-driver/4.1.3/selenium-edge-driver-4.1.3.jar:/Users/lixiaochen/Library/apache-maven-3.6.3/repository/org/seleniumhq/selenium/selenium-firefox-driver/4.1.3/selenium-firefox-driver-4.1.3.jar:/Users/lixiaochen/Library/apache-maven-3.6.3/repository/org/seleniumhq/selenium/selenium-ie-driver/4.1.3/selenium-ie-driver-4.1.3.jar:/Users/lixiaochen/Library/apache-maven-3.6.3/repository/org/seleniumhq/selenium/selenium-opera-driver/4.1.3/selenium-opera-driver-4.1.3.jar:/Users/lixiaochen/Library/apache-maven-3.6.3/repository/org/seleniumhq/selenium/selenium-remote-driver/4.1.3/selenium-remote-driver-4.1.3.jar:/Users/lixiaochen/Library/apache-maven-3.6.3/repository/com/beust/jcommander/1.82/jcommander-1.82.jar:/Users/lixiaochen/Library/apache-maven-3.6.3/repository/io/netty/netty-buffer/4.1.75.Final/netty-buffer-4.1.75.Final.jar:/Users/lixiaochen/Library/apache-maven-3.6.3/repository/io/netty/netty-codec-http/4.1.75.Final/netty-codec-http-4.1.75.Final.jar:/Users/lixiaochen/Library/apache-maven-3.6.3/repository/io/netty/netty-codec/4.1.75.Final/netty-codec-4.1.75.Final.jar:/Users/lixiaochen/Library/apache-maven-3.6.3/repository/io/netty/netty-handler/4.1.75.Final/netty-handler-4.1.75.Final.jar:/Users/lixiaochen/Library/apache-maven-3.6.3/repository/io/netty/netty-common/4.1.75.Final/netty-common-4.1.75.Final.jar:/Users/lixiaochen/Library/apache-maven-3.6.3/repository/io/netty/netty-transport-classes-epoll/4.1.75.Final/netty-transport-classes-epoll-4.1.75.Final.jar:/Users/lixiaochen/Library/apache-maven-3.6.3/repository/io/netty/netty-transport-classes-kqueue/4.1.75.Final/netty-transport-classes-kqueue-4.1.75.Final.jar:/Users/lixiaochen/Library/apache-maven-3.6.3/repository/io/netty/netty-transport-native-epoll/4.1.75.Final/netty-transport-native-epoll-4.1.75.Final.jar:/Users/lixiaochen/Library/apache-maven-3.6.3/repository/io/netty/netty-transport-native-kqueue/4.1.75.Final/netty-transport-native-kqueue-4.1.75.Final.jar:/Users/lixiaochen/Library/apache-maven-3.6.3/repository/io/netty/netty-transport-native-unix-common/4.1.75.Final/netty-transport-native-unix-common-4.1.75.Final.jar:/Users/lixiaochen/Library/apache-maven-3.6.3/repository/io/netty/netty-transport/4.1.75.Final/netty-transport-4.1.75.Final.jar:/Users/lixiaochen/Library/apache-maven-3.6.3/repository/io/netty/netty-resolver/4.1.75.Final/netty-resolver-4.1.75.Final.jar:/Users/lixiaochen/Library/apache-maven-3.6.3/repository/io/opentelemetry/opentelemetry-api/1.12.0/opentelemetry-api-1.12.0.jar:/Users/lixiaochen/Library/apache-maven-3.6.3/repository/io/opentelemetry/opentelemetry-context/1.12.0/opentelemetry-context-1.12.0.jar:/Users/lixiaochen/Library/apache-maven-3.6.3/repository/io/opentelemetry/opentelemetry-exporter-logging/1.12.0/opentelemetry-exporter-logging-1.12.0.jar:/Users/lixiaochen/Library/apache-maven-3.6.3/repository/io/opentelemetry/opentelemetry-sdk-metrics/1.12.0-alpha/opentelemetry-sdk-metrics-1.12.0-alpha.jar:/Users/lixiaochen/Library/apache-maven-3.6.3/repository/io/opentelemetry/opentelemetry-sdk-logs/1.12.0-alpha/opentelemetry-sdk-logs-1.12.0-alpha.jar:/Users/lixiaochen/Library/apache-maven-3.6.3/repository/io/opentelemetry/opentelemetry-sdk-common/1.12.0/opentelemetry-sdk-common-1.12.0.jar:/Users/lixiaochen/Library/apache-maven-3.6.3/repository/io/opentelemetry/opentelemetry-sdk-extension-autoconfigure-spi/1.12.0/opentelemetry-sdk-extension-autoconfigure-spi-1.12.0.jar:/Users/lixiaochen/Library/apache-maven-3.6.3/repository/io/opentelemetry/opentelemetry-sdk-extension-autoconfigure/1.12.0-alpha/opentelemetry-sdk-extension-autoconfigure-1.12.0-alpha.jar:/Users/lixiaochen/Library/apache-maven-3.6.3/repository/io/opentelemetry/opentelemetry-sdk-trace/1.12.0/opentelemetry-sdk-trace-1.12.0.jar:/Users/lixiaochen/Library/apache-maven-3.6.3/repository/io/opentelemetry/opentelemetry-sdk/1.12.0/opentelemetry-sdk-1.12.0.jar:/Users/lixiaochen/Library/apache-maven-3.6.3/repository/io/opentelemetry/opentelemetry-semconv/1.12.0-alpha/opentelemetry-semconv-1.12.0-alpha.jar:/Users/lixiaochen/Library/apache-maven-3.6.3/repository/io/ous/jtoml/2.0.0/jtoml-2.0.0.jar:/Users/lixiaochen/Library/apache-maven-3.6.3/repository/net/bytebuddy/byte-buddy/1.12.8/byte-buddy-1.12.8.jar:/Users/lixiaochen/Library/apache-maven-3.6.3/repository/org/apache/commons/commons-exec/1.3/commons-exec-1.3.jar:/Users/lixiaochen/Library/apache-maven-3.6.3/repository/org/asynchttpclient/async-http-client/2.12.3/async-http-client-2.12.3.jar:/Users/lixiaochen/Library/apache-maven-3.6.3/repository/org/asynchttpclient/async-http-client-netty-utils/2.12.3/async-http-client-netty-utils-2.12.3.jar:/Users/lixiaochen/Library/apache-maven-3.6.3/repository/io/netty/netty-codec-socks/4.1.60.Final/netty-codec-socks-4.1.60.Final.jar:/Users/lixiaochen/Library/apache-maven-3.6.3/repository/io/netty/netty-handler-proxy/4.1.60.Final/netty-handler-proxy-4.1.60.Final.jar:/Users/lixiaochen/Library/apache-maven-3.6.3/repository/io/netty/netty-transport-native-epoll/4.1.60.Final/netty-transport-native-epoll-4.1.60.Final-linux-x86_64.jar:/Users/lixiaochen/Library/apache-maven-3.6.3/repository/io/netty/netty-transport-native-kqueue/4.1.60.Final/netty-transport-native-kqueue-4.1.60.Final-osx-x86_64.jar:/Users/lixiaochen/Library/apache-maven-3.6.3/repository/org/reactivestreams/reactive-streams/1.0.3/reactive-streams-1.0.3.jar:/Users/lixiaochen/Library/apache-maven-3.6.3/repository/com/typesafe/netty/netty-reactive-streams/2.0.4/netty-reactive-streams-2.0.4.jar:/Users/lixiaochen/Library/apache-maven-3.6.3/repository/com/sun/activation/jakarta.activation/1.2.2/jakarta.activation-1.2.2.jar:/Users/lixiaochen/Library/apache-maven-3.6.3/repository/org/seleniumhq/selenium/selenium-http/4.1.3/selenium-http-4.1.3.jar:/Users/lixiaochen/Library/apache-maven-3.6.3/repository/dev/failsafe/failsafe/3.2.3/failsafe-3.2.3.jar:/Users/lixiaochen/Library/apache-maven-3.6.3/repository/org/seleniumhq/selenium/selenium-safari-driver/4.1.3/selenium-safari-driver-4.1.3.jar:/Users/lixiaochen/Library/apache-maven-3.6.3/repository/org/seleniumhq/selenium/selenium-support/4.1.3/selenium-support-4.1.3.jar:/Users/lixiaochen/Library/apache-maven-3.6.3/repository/commons-io/commons-io/2.11.0/commons-io-2.11.0.jar:/Users/lixiaochen/Library/apache-maven-3.6.3/repository/com/github/javafaker/javafaker/1.0.2/javafaker-1.0.2.jar:/Users/lixiaochen/Library/apache-maven-3.6.3/repository/org/yaml/snakeyaml/1.23/snakeyaml-1.23-android.jar:/Users/lixiaochen/Library/apache-maven-3.6.3/repository/com/github/mifmif/generex/1.0.2/generex-1.0.2.jar:/Users/lixiaochen/Library/apache-maven-3.6.3/repository/dk/brics/automaton/automaton/1.11-8/automaton-1.11-8.jar:/Users/lixiaochen/Library/apache-maven-3.6.3/repository/io/appium/java-client/8.0.0/java-client-8.0.0.jar:/Users/lixiaochen/Library/apache-maven-3.6.3/repository/com/google/code/gson/gson/2.9.0/gson-2.9.0.jar:/Users/lixiaochen/Library/apache-maven-3.6.3/repository/cglib/cglib/3.3.0/cglib-3.3.0.jar:/Users/lixiaochen/Library/apache-maven-3.6.3/repository/org/ow2/asm/asm/7.1/asm-7.1.jar:/Users/lixiaochen/Library/apache-maven-3.6.3/repository/commons-validator/commons-validator/1.7/commons-validator-1.7.jar:/Users/lixiaochen/Library/apache-maven-3.6.3/repository/commons-digester/commons-digester/2.1/commons-digester-2.1.jar:/Users/lixiaochen/Library/apache-maven-3.6.3/repository/org/aspectj/aspectjweaver/1.9.8/aspectjweaver-1.9.8.jar:/Users/lixiaochen/Library/apache-maven-3.6.3/repository/io/rest-assured/rest-assured/4.4.0/rest-assured-4.4.0.jar:/Users/lixiaochen/Library/apache-maven-3.6.3/repository/org/codehaus/groovy/groovy/3.0.8/groovy-3.0.8.jar:/Users/lixiaochen/Library/apache-maven-3.6.3/repository/org/codehaus/groovy/groovy-xml/3.0.8/groovy-xml-3.0.8.jar:/Users/lixiaochen/Library/apache-maven-3.6.3/repository/org/apache/httpcomponents/httpclient/4.5.13/httpclient-4.5.13.jar:/Users/lixiaochen/Library/apache-maven-3.6.3/repository/org/apache/httpcomponents/httpcore/4.4.13/httpcore-4.4.13.jar:/Users/lixiaochen/Library/apache-maven-3.6.3/repository/org/apache/httpcomponents/httpmime/4.5.13/httpmime-4.5.13.jar:/Users/lixiaochen/Library/apache-maven-3.6.3/repository/org/ccil/cowan/tagsoup/tagsoup/1.2.1/tagsoup-1.2.1.jar:/Users/lixiaochen/Library/apache-maven-3.6.3/repository/io/rest-assured/json-path/4.4.0/json-path-4.4.0.jar:/Users/lixiaochen/Library/apache-maven-3.6.3/repository/org/codehaus/groovy/groovy-json/3.0.8/groovy-json-3.0.8.jar:/Users/lixiaochen/Library/apache-maven-3.6.3/repository/io/rest-assured/rest-assured-common/4.4.0/rest-assured-common-4.4.0.jar:/Users/lixiaochen/Library/apache-maven-3.6.3/repository/io/rest-assured/xml-path/4.4.0/xml-path-4.4.0.jar:/Users/lixiaochen/Library/apache-maven-3.6.3/repository/jakarta/xml/bind/jakarta.xml.bind-api/2.3.3/jakarta.xml.bind-api-2.3.3.jar:/Users/lixiaochen/Library/apache-maven-3.6.3/repository/jakarta/activation/jakarta.activation-api/1.2.2/jakarta.activation-api-1.2.2.jar:/Users/lixiaochen/Library/apache-maven-3.6.3/repository/com/sun/xml/bind/jaxb-impl/2.3.3/jaxb-impl-2.3.3.jar:/Users/lixiaochen/Library/apache-maven-3.6.3/repository/com/jayway/jsonpath/json-path/2.6.0/json-path-2.6.0.jar:/Users/lixiaochen/Library/apache-maven-3.6.3/repository/net/minidev/json-smart/2.4.7/json-smart-2.4.7.jar:/Users/lixiaochen/Library/apache-maven-3.6.3/repository/net/minidev/accessors-smart/2.4.7/accessors-smart-2.4.7.jar:/Users/lixiaochen/Library/apache-maven-3.6.3/repository/io/rest-assured/json-schema-validator/4.4.0/json-schema-validator-4.4.0.jar:/Users/lixiaochen/Library/apache-maven-3.6.3/repository/com/github/java-json-tools/json-schema-validator/2.2.14/json-schema-validator-2.2.14.jar:/Users/lixiaochen/Library/apache-maven-3.6.3/repository/com/github/java-json-tools/jackson-coreutils-equivalence/1.0/jackson-coreutils-equivalence-1.0.jar:/Users/lixiaochen/Library/apache-maven-3.6.3/repository/com/github/java-json-tools/jackson-coreutils/2.0/jackson-coreutils-2.0.jar:/Users/lixiaochen/Library/apache-maven-3.6.3/repository/com/github/java-json-tools/msg-simple/1.2/msg-simple-1.2.jar:/Users/lixiaochen/Library/apache-maven-3.6.3/repository/com/github/java-json-tools/btf/1.3/btf-1.3.jar:/Users/lixiaochen/Library/apache-maven-3.6.3/repository/com/github/java-json-tools/json-schema-core/1.2.14/json-schema-core-1.2.14.jar:/Users/lixiaochen/Library/apache-maven-3.6.3/repository/com/github/java-json-tools/uri-template/0.10/uri-template-0.10.jar:/Users/lixiaochen/Library/apache-maven-3.6.3/repository/org/mozilla/rhino/1.7.7.2/rhino-1.7.7.2.jar:/Users/lixiaochen/Library/apache-maven-3.6.3/repository/com/sun/mail/mailapi/1.6.2/mailapi-1.6.2.jar:/Users/lixiaochen/Library/apache-maven-3.6.3/repository/com/googlecode/libphonenumber/libphonenumber/8.11.1/libphonenumber-8.11.1.jar:/Users/lixiaochen/Library/apache-maven-3.6.3/repository/com/google/code/findbugs/jsr305/3.0.2/jsr305-3.0.2.jar:/Users/lixiaochen/Library/apache-maven-3.6.3/repository/net/sf/jopt-simple/jopt-simple/5.0.4/jopt-simple-5.0.4.jar:/Users/lixiaochen/Library/apache-maven-3.6.3/repository/mysql/mysql-connector-java/8.0.18/mysql-connector-java-8.0.18.jar:/Users/lixiaochen/Library/apache-maven-3.6.3/repository/com/google/protobuf/protobuf-java/3.6.1/protobuf-java-3.6.1.jar:/Users/lixiaochen/Library/apache-maven-3.6.3/repository/org/mybatis/mybatis/3.5.9/mybatis-3.5.9.jar:/Users/lixiaochen/Library/apache-maven-3.6.3/repository/org/mybatis/mybatis-spring/2.0.7/mybatis-spring-2.0.7.jar:/Users/lixiaochen/Library/apache-maven-3.6.3/repository/com/github/pagehelper/pagehelper/5.1.10/pagehelper-5.1.10.jar:/Users/lixiaochen/Library/apache-maven-3.6.3/repository/com/github/jsqlparser/jsqlparser/2.0/jsqlparser-2.0.jar:/Users/lixiaochen/Library/apache-maven-3.6.3/repository/com/alibaba/druid/1.1.10/druid-1.1.10.jar:/Users/lixiaochen/Library/apache-maven-3.6.3/repository/javax/servlet/jstl/1.2/jstl-1.2.jar:/Users/lixiaochen/Library/apache-maven-3.6.3/repository/org/springframework/spring-context/5.3.23/spring-context-5.3.23.jar:/Users/lixiaochen/Library/apache-maven-3.6.3/repository/org/springframework/spring-aop/5.3.23/spring-aop-5.3.23.jar:/Users/lixiaochen/Library/apache-maven-3.6.3/repository/org/springframework/spring-beans/5.3.23/spring-beans-5.3.23.jar:/Users/lixiaochen/Library/apache-maven-3.6.3/repository/org/springframework/spring-core/5.3.23/spring-core-5.3.23.jar:/Users/lixiaochen/Library/apache-maven-3.6.3/repository/org/springframework/spring-jcl/5.3.23/spring-jcl-5.3.23.jar:/Users/lixiaochen/Library/apache-maven-3.6.3/repository/org/springframework/spring-expression/5.3.23/spring-expression-5.3.23.jar:/Users/lixiaochen/Library/apache-maven-3.6.3/repository/org/springframework/spring-context-support/5.3.14/spring-context-support-5.3.14.jar:/Users/lixiaochen/Library/apache-maven-3.6.3/repository/org/springframework/spring-webmvc/5.3.23/spring-webmvc-5.3.23.jar:/Users/lixiaochen/Library/apache-maven-3.6.3/repository/org/springframework/spring-web/5.3.23/spring-web-5.3.23.jar:/Users/lixiaochen/Library/apache-maven-3.6.3/repository/org/springframework/spring-jdbc/5.3.23/spring-jdbc-5.3.23.jar:/Users/lixiaochen/Library/apache-maven-3.6.3/repository/org/springframework/spring-tx/5.3.23/spring-tx-5.3.23.jar:/Users/lixiaochen/Library/apache-maven-3.6.3/repository/com/thetransactioncompany/cors-filter/2.10/cors-filter-2.10.jar:/Users/lixiaochen/Library/apache-maven-3.6.3/repository/com/thetransactioncompany/java-property-utils/1.16/java-property-utils-1.16.jar:/Users/lixiaochen/Library/apache-maven-3.6.3/repository/commons-fileupload/commons-fileupload/1.4/commons-fileupload-1.4.jar:/Users/lixiaochen/Library/apache-maven-3.6.3/repository/joda-time/joda-time/2.10.5/joda-time-2.10.5.jar:/Users/lixiaochen/Library/apache-maven-3.6.3/repository/org/freemarker/freemarker/2.3.30/freemarker-2.3.30.jar:/Users/lixiaochen/Library/apache-maven-3.6.3/repository/org/jooq/jooq/3.11.11/jooq-3.11.11.jar:/Users/lixiaochen/Library/apache-maven-3.6.3/repository/javax/xml/bind/jaxb-api/2.2.12/jaxb-api-2.2.12.jar:/Users/lixiaochen/Library/apache-maven-3.6.3/repository/org/projectlombok/lombok/1.18.8/lombok-1.18.8.jar:/Users/lixiaochen/Library/apache-maven-3.6.3/repository/com/github/spullara/mustache/java/compiler/0.9.10/compiler-0.9.10.jar:/Users/lixiaochen/Library/apache-maven-3.6.3/repository/javax/servlet/javax.servlet-api/4.0.1/javax.servlet-api-4.0.1.jar:/Users/lixiaochen/Library/apache-maven-3.6.3/repository/javax/servlet/jsp/javax.servlet.jsp-api/2.3.3/javax.servlet.jsp-api-2.3.3.jar:/Users/lixiaochen/Library/apache-maven-3.6.3/repository/taglibs/standard/1.1.2/standard-1.1.2.jar:/Users/lixiaochen/Library/apache-maven-3.6.3/repository/com/alibaba/fastjson/2.0.17/fastjson-2.0.17.jar:/Users/lixiaochen/Library/apache-maven-3.6.3/repository/com/alibaba/fastjson2/fastjson2-extension/2.0.17/fastjson2-extension-2.0.17.jar:/Users/lixiaochen/Library/apache-maven-3.6.3/repository/com/alibaba/fastjson2/fastjson2/2.0.17/fastjson2-2.0.17.jar:/Users/lixiaochen/Library/apache-maven-3.6.3/repository/commons-codec/commons-codec/1.15/commons-codec-1.15.jar:/Users/lixiaochen/Library/apache-maven-3.6.3/repository/commons-beanutils/commons-beanutils/1.9.4/commons-beanutils-1.9.4.jar:/Users/lixiaochen/Library/apache-maven-3.6.3/repository/commons-dbutils/commons-dbutils/1.6/commons-dbutils-1.6.jar:/Users/lixiaochen/Library/apache-maven-3.6.3/repository/commons-collections/commons-collections/3.2.2/commons-collections-3.2.2.jar:/Users/lixiaochen/Library/apache-maven-3.6.3/repository/commons-httpclient/commons-httpclient/3.1/commons-httpclient-3.1.jar:/Users/lixiaochen/Library/apache-maven-3.6.3/repository/commons-logging/commons-logging/1.2/commons-logging-1.2.jar:/Users/lixiaochen/Library/apache-maven-3.6.3/repository/commons-lang/commons-lang/2.6/commons-lang-2.6.jar:"/>
    <property name="sun.cpu.endian" value="little"/>
    <property name="user.home" value="/Users/lixiaochen"/>
    <property name="user.language" value="zh"/>
    <property name="java.specification.vendor" value="Oracle Corporation"/>
    <property name="java.home" value="/Library/Java/JavaVirtualMachines/jdk1.8.0_191.jdk/Contents/Home/jre"/>
    <property name="basedir" value="/Users/lixiaochen/Downloads/javaCourse"/>
    <property name="file.separator" value="/"/>
    <property name="line.separator" value="&#10;"/>
    <property name="java.vm.specification.vendor" value="Oracle Corporation"/>
    <property name="java.specification.name" value="Java Platform API Specification"/>
    <property name="java.awt.graphicsenv" value="sun.awt.CGraphicsEnvironment"/>
    <property name="surefire.real.class.path" value="/Users/lixiaochen/Downloads/javaCourse/target/surefire/surefirebooter2955421812786939989.jar:/Users/lixiaochen/Library/apache-maven-3.6.3/repository/org/jacoco/org.jacoco.agent/0.8.8/org.jacoco.agent-0.8.8-runtime.jar"/>
    <property name="sun.boot.class.path" value="/Library/Java/JavaVirtualMachines/jdk1.8.0_191.jdk/Contents/Home/jre/lib/resources.jar:/Library/Java/JavaVirtualMachines/jdk1.8.0_191.jdk/Contents/Home/jre/lib/rt.jar:/Library/Java/JavaVirtualMachines/jdk1.8.0_191.jdk/Contents/Home/jre/lib/sunrsasign.jar:/Library/Java/JavaVirtualMachines/jdk1.8.0_191.jdk/Contents/Home/jre/lib/jsse.jar:/Library/Java/JavaVirtualMachines/jdk1.8.0_191.jdk/Contents/Home/jre/lib/jce.jar:/Library/Java/JavaVirtualMachines/jdk1.8.0_191.jdk/Contents/Home/jre/lib/charsets.jar:/Library/Java/JavaVirtualMachines/jdk1.8.0_191.jdk/Contents/Home/jre/lib/jfr.jar:/Library/Java/JavaVirtualMachines/jdk1.8.0_191.jdk/Contents/Home/jre/classes"/>
    <property name="sun.management.compiler" value="HotSpot 64-Bit Tiered Compilers"/>
    <property name="ftp.nonProxyHosts" value="local|*.local|169.254/16|*.169.254/16"/>
    <property name="java.runtime.version" value="1.8.0_191-b12"/>
    <property name="user.name" value="lixiaochen"/>
    <property name="path.separator" value=":"/>
    <property name="os.version" value="10.15.6"/>
    <property name="java.endorsed.dirs" value="/Library/Java/JavaVirtualMachines/jdk1.8.0_191.jdk/Contents/Home/jre/lib/endorsed"/>
    <property name="java.runtime.name" value="Java(TM) SE Runtime Environment"/>
    <property name="file.encoding" value="UTF-8"/>
    <property name="java.vm.name" value="Java HotSpot(TM) 64-Bit Server VM"/>
    <property name="localRepository" value="/Users/lixiaochen/Library/apache-maven-3.6.3/repository"/>
    <property name="java.vendor.url.bug" value="http://bugreport.sun.com/bugreport/"/>
    <property name="java.io.tmpdir" value="/var/folders/1s/bkpt7crj0737wt2llc6plvp00000gn/T/"/>
    <property name="java.version" value="1.8.0_191"/>
    <property name="user.dir" value="/Users/lixiaochen/Downloads/javaCourse"/>
    <property name="os.arch" value="x86_64"/>
    <property name="java.vm.specification.name" value="Java Virtual Machine Specification"/>
    <property name="java.awt.printerjob" value="sun.lwawt.macosx.CPrinterJob"/>
    <property name="sun.os.patch.level" value="unknown"/>
    <property name="java.library.path" value="/Users/lixiaochen/Library/Java/Extensions:/Library/Java/Extensions:/Network/Library/Java/Extensions:/System/Library/Java/Extensions:/usr/lib/java:."/>
    <property name="java.vm.info" value="mixed mode"/>
    <property name="java.vendor" value="Oracle Corporation"/>
    <property name="java.vm.version" value="25.191-b12"/>
    <property name="java.ext.dirs" value="/Users/lixiaochen/Library/Java/Extensions:/Library/Java/JavaVirtualMachines/jdk1.8.0_191.jdk/Contents/Home/jre/lib/ext:/Library/Java/Extensions:/Network/Library/Java/Extensions:/System/Library/Java/Extensions:/usr/lib/java"/>
    <property name="sun.io.unicode.encoding" value="UnicodeBig"/>
    <property name="java.class.version" value="52.0"/>
    <property name="socksNonProxyHosts" value="local|*.local|169.254/16|*.169.254/16"/>
  </properties>
  <testcase name="ceshiren" classname="com.hogwarts.selenium.ch15_advanced.ScreenTest" time="1.827">
    <failure message="Exceptionorg.openqa.selenium.NoSuchElementException: no such element: Unable to locate element: {&quot;method&quot;:&quot;css selector&quot;,&quot;selector&quot;:&quot;*[name=&apos;adv&apos;]&quot;}&#10;  (Session info: chrome=87.0.4280.88)&#10;For documentation on this error, please visit: https://selenium.dev/exceptions/#no_such_element&#10;Build info: version: &apos;4.1.3&apos;, revision: &apos;7b1ebf28ef&apos;&#10;System info: host: &apos;lixiaochendeMacBook-Pro.local&apos;, ip: &apos;2409:8a00:791d:d1d0:3d44:3a3b:27bf:603a%en0&apos;, os.name: &apos;Mac OS X&apos;, os.arch: &apos;x86_64&apos;, os.version: &apos;10.15.6&apos;, java.version: &apos;1.8.0_191&apos;&#10;Driver info: org.openqa.selenium.chrome.ChromeDriver&#10;Command: [571442bd6d31fa2f5cea3b75ef8c37e4, findElement {using=name, value=adv}]&#10;Capabilities {acceptInsecureCerts: false, browserName: chrome, browserVersion: 87.0.4280.88, chrome: {chromedriverVersion: 87.0.4280.88 (89e2380a3e36c..., userDataDir: /var/folders/1s/bkpt7crj073...}, goog:chromeOptions: {debuggerAddress: localhost:50496}, javascriptEnabled: true, networkConnectionEnabled: false, pageLoadStrategy: normal, platform: MAC, platformName: MAC, proxy: Proxy(), se:cdp: ws://localhost:50496/devtoo..., se:cdpVersion: 87.0.4280.88, setWindowRect: true, strictFileInteractability: false, timeouts: {implicit: 0, pageLoad: 300000, script: 30000}, unhandledPromptBehavior: dismiss and notify, webauthn:virtualAuthenticators: true}&#10;Session ID: 571442bd6d31fa2f5cea3b75ef8c37e4" type="org.opentest4j.AssertionFailedError">org.opentest4j.AssertionFailedError: 
Exceptionorg.openqa.selenium.NoSuchElementException: no such element: Unable to locate element: {"method":"css selector","selector":"*[name='adv']"}
  (Session info: chrome=87.0.4280.88)
For documentation on this error, please visit: https://selenium.dev/exceptions/#no_such_element
Build info: version: '4.1.3', revision: '7b1ebf28ef'
System info: host: 'lixiaochendeMacBook-Pro.local', ip: '2409:8a00:791d:d1d0:3d44:3a3b:27bf:603a%en0', os.name: 'Mac OS X', os.arch: 'x86_64', os.version: '10.15.6', java.version: '1.8.0_191'
Driver info: org.openqa.selenium.chrome.ChromeDriver
Command: [571442bd6d31fa2f5cea3b75ef8c37e4, findElement {using=name, value=adv}]
Capabilities {acceptInsecureCerts: false, browserName: chrome, browserVersion: 87.0.4280.88, chrome: {chromedriverVersion: 87.0.4280.88 (89e2380a3e36c..., userDataDir: /var/folders/1s/bkpt7crj073...}, goog:chromeOptions: {debuggerAddress: localhost:50496}, javascriptEnabled: true, networkConnectionEnabled: false, pageLoadStrategy: normal, platform: MAC, platformName: MAC, proxy: Proxy(), se:cdp: ws://localhost:50496/devtoo..., se:cdpVersion: 87.0.4280.88, setWindowRect: true, strictFileInteractability: false, timeouts: {implicit: 0, pageLoad: 300000, script: 30000}, unhandledPromptBehavior: dismiss and notify, webauthn:virtualAuthenticators: true}
Session ID: 571442bd6d31fa2f5cea3b75ef8c37e4
	at com.hogwarts.selenium.ch15_advanced.ScreenTest.ceshiren(ScreenTest.java:55)
</failure>
    <system-out><![CDATA[执行case失败
]]></system-out>
    <system-err><![CDATA[Starting ChromeDriver 87.0.4280.88 (89e2380a3e36c3464b5dd1302349b1382549290d-refs/branch-heads/4280@{#1761}) on port 61436
Only local connections are allowed.
Please see https://chromedriver.chromium.org/security-considerations for suggestions on keeping ChromeDriver safe.
ChromeDriver was started successfully.
二月 09, 2023 9:13:13 上午 org.openqa.selenium.remote.ProtocolHandshake createSession
信息: Detected dialect: W3C
二月 09, 2023 9:13:13 上午 org.openqa.selenium.devtools.CdpVersionFinder findNearestMatch
警告: Unable to find an exact match for CDP version 87, so returning the closest version found: 85
二月 09, 2023 9:13:13 上午 org.openqa.selenium.devtools.CdpVersionFinder findNearestMatch
信息: Found CDP implementation for version 87 of 85
]]></system-err>
  </testcase>
</testsuite>