<?xml version="1.0" encoding="UTF-8"?>
<testsuite xmlns:xsi="http://www.w3.org/2001/XMLSchema-instance" xsi:noNamespaceSchemaLocation="https://maven.apache.org/surefire/maven-surefire-plugin/xsd/surefire-test-report.xsd" name="com.hogwarts.junit5Basics.ch08_junit5casename.DisplayNameExampleTest" time="0.01" tests="3" errors="0" skipped="0" failures="0">
  <properties>
    <property name="gopherProxySet" value="false"/>
    <property name="awt.toolkit" value="sun.lwawt.macosx.LWCToolkit"/>
    <property name="file.encoding.pkg" value="sun.io"/>
    <property name="java.specification.version" value="1.8"/>
    <property name="sun.cpu.isalist" value=""/>
    <property name="sun.jnu.encoding" value="UTF-8"/>
    <property name="java.class.path" value="/Users/lixiaochen/Downloads/javaCourse/target/test-classes:/Users/lixiaochen/Downloads/javaCourse/target/classes:/Users/lixiaochen/Library/apache-maven-3.6.3/repository/org/junit/jupiter/junit-jupiter/5.8.2/junit-jupiter-5.8.2.jar:/Users/lixiaochen/Library/apache-maven-3.6.3/repository/org/junit/jupiter/junit-jupiter-api/5.8.2/junit-jupiter-api-5.8.2.jar:/Users/lixiaochen/Library/apache-maven-3.6.3/repository/org/opentest4j/opentest4j/1.2.0/opentest4j-1.2.0.jar:/Users/lixiaochen/Library/apache-maven-3.6.3/repository/org/junit/jupiter/junit-jupiter-engine/5.8.2/junit-jupiter-engine-5.8.2.jar:/Users/lixiaochen/Library/apache-maven-3.6.3/repository/org/junit/platform/junit-platform-engine/1.8.2/junit-platform-engine-1.8.2.jar:/Users/lixiaochen/Library/apache-maven-3.6.3/repository/org/junit/jupiter/junit-jupiter-params/5.8.2/junit-jupiter-params-5.8.2.jar:/Users/lixiaochen/Library/apache-maven-3.6.3/repository/org/apiguardian/apiguardian-api/1.1.2/apiguardian-api-1.1.2.jar:/Users/lixiaochen/Library/apache-maven-3.6.3/repository/org/junit/platform/junit-platform-suite-api/1.8.2/junit-platform-suite-api-1.8.2.jar:/Users/lixiaochen/Library/apache-maven-3.6.3/repository/org/hamcrest/hamcrest/2.2/hamcrest-2.2.jar:/Users/lixiaochen/Library/apache-maven-3.6.3/repository/org/junit/platform/junit-platform-commons/1.8.2/junit-platform-commons-1.8.2.jar:/Users/lixiaochen/Library/apache-maven-3.6.3/repository/org/slf4j/slf4j-api/1.7.36/slf4j-api-1.7.36.jar:/Users/lixiaochen/Library/apache-maven-3.6.3/repository/org/apache/commons/commons-lang3/3.12.0/commons-lang3-3.12.0.jar:/Users/lixiaochen/Library/apache-maven-3.6.3/repository/ch/qos/logback/logback-classic/1.2.11/logback-classic-1.2.11.jar:/Users/lixiaochen/Library/apache-maven-3.6.3/repository/ch/qos/logback/logback-core/1.2.11/logback-core-1.2.11.jar:/Users/lixiaochen/Library/apache-maven-3.6.3/repository/com/fasterxml/jackson/core/jackson-databind/2.13.2.1/jackson-databind-2.13.2.1.jar:/Users/lixiaochen/Library/apache-maven-3.6.3/repository/com/fasterxml/jackson/core/jackson-annotations/2.13.2/jackson-annotations-2.13.2.jar:/Users/lixiaochen/Library/apache-maven-3.6.3/repository/com/fasterxml/jackson/core/jackson-core/2.13.2/jackson-core-2.13.2.jar:/Users/lixiaochen/Library/apache-maven-3.6.3/repository/com/fasterxml/jackson/dataformat/jackson-dataformat-yaml/2.11.4/jackson-dataformat-yaml-2.11.4.jar:/Users/lixiaochen/Library/apache-maven-3.6.3/repository/org/yaml/snakeyaml/1.26/snakeyaml-1.26.jar:/Users/lixiaochen/Library/apache-maven-3.6.3/repository/com/fasterxml/jackson/datatype/jackson-datatype-jsr310/2.13.2/jackson-datatype-jsr310-2.13.2.jar:/Users/lixiaochen/Library/apache-maven-3.6.3/repository/org/apache/poi/poi/4.1.2/poi-4.1.2.jar:/Users/lixiaochen/Library/apache-maven-3.6.3/repository/commons-codec/commons-codec/1.13/commons-codec-1.13.jar:/Users/lixiaochen/Library/apache-maven-3.6.3/repository/org/apache/commons/commons-collections4/4.4/commons-collections4-4.4.jar:/Users/lixiaochen/Library/apache-maven-3.6.3/repository/org/apache/commons/commons-math3/3.6.1/commons-math3-3.6.1.jar:/Users/lixiaochen/Library/apache-maven-3.6.3/repository/com/zaxxer/SparseBitSet/1.2/SparseBitSet-1.2.jar:/Users/lixiaochen/Library/apache-maven-3.6.3/repository/org/apache/poi/poi-ooxml/4.1.2/poi-ooxml-4.1.2.jar:/Users/lixiaochen/Library/apache-maven-3.6.3/repository/org/apache/poi/poi-ooxml-schemas/4.1.2/poi-ooxml-schemas-4.1.2.jar:/Users/lixiaochen/Library/apache-maven-3.6.3/repository/org/apache/xmlbeans/xmlbeans/3.1.0/xmlbeans-3.1.0.jar:/Users/lixiaochen/Library/apache-maven-3.6.3/repository/org/apache/commons/commons-compress/1.19/commons-compress-1.19.jar:/Users/lixiaochen/Library/apache-maven-3.6.3/repository/com/github/virtuald/curvesapi/1.06/curvesapi-1.06.jar:/Users/lixiaochen/Library/apache-maven-3.6.3/repository/com/fasterxml/jackson/dataformat/jackson-dataformat-csv/2.13.3/jackson-dataformat-csv-2.13.3.jar:/Users/lixiaochen/Library/apache-maven-3.6.3/repository/io/qameta/allure/allure-junit5/2.17.2/allure-junit5-2.17.2.jar:/Users/lixiaochen/Library/apache-maven-3.6.3/repository/io/qameta/allure/allure-junit-platform/2.17.2/allure-junit-platform-2.17.2.jar:/Users/lixiaochen/Library/apache-maven-3.6.3/repository/io/qameta/allure/allure-java-commons/2.17.2/allure-java-commons-2.17.2.jar:/Users/lixiaochen/Library/apache-maven-3.6.3/repository/io/qameta/allure/allure-model/2.17.2/allure-model-2.17.2.jar:/Users/lixiaochen/Library/apache-maven-3.6.3/repository/io/qameta/allure/allure-test-filter/2.17.2/allure-test-filter-2.17.2.jar:/Users/lixiaochen/Library/apache-maven-3.6.3/repository/org/junit/platform/junit-platform-launcher/1.8.2/junit-platform-launcher-1.8.2.jar:"/>
    <property name="java.vm.vendor" value="Oracle Corporation"/>
    <property name="sun.arch.data.model" value="64"/>
    <property name="java.vendor.url" value="http://java.oracle.com/"/>
    <property name="user.timezone" value="Asia/Shanghai"/>
    <property name="java.vm.specification.version" value="1.8"/>
    <property name="os.name" value="Mac OS X"/>
    <property name="user.country" value="CN"/>
    <property name="sun.java.launcher" value="SUN_STANDARD"/>
    <property name="sun.boot.library.path" value="/Library/Java/JavaVirtualMachines/jdk1.8.0_191.jdk/Contents/Home/jre/lib"/>
    <property name="sun.java.command" value="/Users/lixiaochen/Downloads/javaCourse/target/surefire/surefirebooter4576242726690737690.jar /Users/lixiaochen/Downloads/javaCourse/target/surefire 2022-06-26T17-10-11_240-jvmRun1 surefire4748816230759748157tmp surefire_07056666986655695294tmp"/>
    <property name="http.nonProxyHosts" value="local|*.local|169.254/16|*.169.254/16"/>
    <property name="surefire.test.class.path" value="/Users/lixiaochen/Downloads/javaCourse/target/test-classes:/Users/lixiaochen/Downloads/javaCourse/target/classes:/Users/lixiaochen/Library/apache-maven-3.6.3/repository/org/junit/jupiter/junit-jupiter/5.8.2/junit-jupiter-5.8.2.jar:/Users/lixiaochen/Library/apache-maven-3.6.3/repository/org/junit/jupiter/junit-jupiter-api/5.8.2/junit-jupiter-api-5.8.2.jar:/Users/lixiaochen/Library/apache-maven-3.6.3/repository/org/opentest4j/opentest4j/1.2.0/opentest4j-1.2.0.jar:/Users/lixiaochen/Library/apache-maven-3.6.3/repository/org/junit/jupiter/junit-jupiter-engine/5.8.2/junit-jupiter-engine-5.8.2.jar:/Users/lixiaochen/Library/apache-maven-3.6.3/repository/org/junit/platform/junit-platform-engine/1.8.2/junit-platform-engine-1.8.2.jar:/Users/lixiaochen/Library/apache-maven-3.6.3/repository/org/junit/jupiter/junit-jupiter-params/5.8.2/junit-jupiter-params-5.8.2.jar:/Users/lixiaochen/Library/apache-maven-3.6.3/repository/org/apiguardian/apiguardian-api/1.1.2/apiguardian-api-1.1.2.jar:/Users/lixiaochen/Library/apache-maven-3.6.3/repository/org/junit/platform/junit-platform-suite-api/1.8.2/junit-platform-suite-api-1.8.2.jar:/Users/lixiaochen/Library/apache-maven-3.6.3/repository/org/hamcrest/hamcrest/2.2/hamcrest-2.2.jar:/Users/lixiaochen/Library/apache-maven-3.6.3/repository/org/junit/platform/junit-platform-commons/1.8.2/junit-platform-commons-1.8.2.jar:/Users/lixiaochen/Library/apache-maven-3.6.3/repository/org/slf4j/slf4j-api/1.7.36/slf4j-api-1.7.36.jar:/Users/lixiaochen/Library/apache-maven-3.6.3/repository/org/apache/commons/commons-lang3/3.12.0/commons-lang3-3.12.0.jar:/Users/lixiaochen/Library/apache-maven-3.6.3/repository/ch/qos/logback/logback-classic/1.2.11/logback-classic-1.2.11.jar:/Users/lixiaochen/Library/apache-maven-3.6.3/repository/ch/qos/logback/logback-core/1.2.11/logback-core-1.2.11.jar:/Users/lixiaochen/Library/apache-maven-3.6.3/repository/com/fasterxml/jackson/core/jackson-databind/2.13.2.1/jackson-databind-2.13.2.1.jar:/Users/lixiaochen/Library/apache-maven-3.6.3/repository/com/fasterxml/jackson/core/jackson-annotations/2.13.2/jackson-annotations-2.13.2.jar:/Users/lixiaochen/Library/apache-maven-3.6.3/repository/com/fasterxml/jackson/core/jackson-core/2.13.2/jackson-core-2.13.2.jar:/Users/lixiaochen/Library/apache-maven-3.6.3/repository/com/fasterxml/jackson/dataformat/jackson-dataformat-yaml/2.11.4/jackson-dataformat-yaml-2.11.4.jar:/Users/lixiaochen/Library/apache-maven-3.6.3/repository/org/yaml/snakeyaml/1.26/snakeyaml-1.26.jar:/Users/lixiaochen/Library/apache-maven-3.6.3/repository/com/fasterxml/jackson/datatype/jackson-datatype-jsr310/2.13.2/jackson-datatype-jsr310-2.13.2.jar:/Users/lixiaochen/Library/apache-maven-3.6.3/repository/org/apache/poi/poi/4.1.2/poi-4.1.2.jar:/Users/lixiaochen/Library/apache-maven-3.6.3/repository/commons-codec/commons-codec/1.13/commons-codec-1.13.jar:/Users/lixiaochen/Library/apache-maven-3.6.3/repository/org/apache/commons/commons-collections4/4.4/commons-collections4-4.4.jar:/Users/lixiaochen/Library/apache-maven-3.6.3/repository/org/apache/commons/commons-math3/3.6.1/commons-math3-3.6.1.jar:/Users/lixiaochen/Library/apache-maven-3.6.3/repository/com/zaxxer/SparseBitSet/1.2/SparseBitSet-1.2.jar:/Users/lixiaochen/Library/apache-maven-3.6.3/repository/org/apache/poi/poi-ooxml/4.1.2/poi-ooxml-4.1.2.jar:/Users/lixiaochen/Library/apache-maven-3.6.3/repository/org/apache/poi/poi-ooxml-schemas/4.1.2/poi-ooxml-schemas-4.1.2.jar:/Users/lixiaochen/Library/apache-maven-3.6.3/repository/org/apache/xmlbeans/xmlbeans/3.1.0/xmlbeans-3.1.0.jar:/Users/lixiaochen/Library/apache-maven-3.6.3/repository/org/apache/commons/commons-compress/1.19/commons-compress-1.19.jar:/Users/lixiaochen/Library/apache-maven-3.6.3/repository/com/github/virtuald/curvesapi/1.06/curvesapi-1.06.jar:/Users/lixiaochen/Library/apache-maven-3.6.3/repository/com/fasterxml/jackson/dataformat/jackson-dataformat-csv/2.13.3/jackson-dataformat-csv-2.13.3.jar:/Users/lixiaochen/Library/apache-maven-3.6.3/repository/io/qameta/allure/allure-junit5/2.17.2/allure-junit5-2.17.2.jar:/Users/lixiaochen/Library/apache-maven-3.6.3/repository/io/qameta/allure/allure-junit-platform/2.17.2/allure-junit-platform-2.17.2.jar:/Users/lixiaochen/Library/apache-maven-3.6.3/repository/io/qameta/allure/allure-java-commons/2.17.2/allure-java-commons-2.17.2.jar:/Users/lixiaochen/Library/apache-maven-3.6.3/repository/io/qameta/allure/allure-model/2.17.2/allure-model-2.17.2.jar:/Users/lixiaochen/Library/apache-maven-3.6.3/repository/io/qameta/allure/allure-test-filter/2.17.2/allure-test-filter-2.17.2.jar:/Users/lixiaochen/Library/apache-maven-3.6.3/repository/org/junit/platform/junit-platform-launcher/1.8.2/junit-platform-launcher-1.8.2.jar:"/>
    <property name="sun.cpu.endian" value="little"/>
    <property name="user.home" value="/Users/lixiaochen"/>
    <property name="user.language" value="zh"/>
    <property name="java.specification.vendor" value="Oracle Corporation"/>
    <property name="java.home" value="/Library/Java/JavaVirtualMachines/jdk1.8.0_191.jdk/Contents/Home/jre"/>
    <property name="basedir" value="/Users/lixiaochen/Downloads/javaCourse"/>
    <property name="file.separator" value="/"/>
    <property name="line.separator" value="&#10;"/>
    <property name="java.vm.specification.vendor" value="Oracle Corporation"/>
    <property name="java.specification.name" value="Java Platform API Specification"/>
    <property name="java.awt.graphicsenv" value="sun.awt.CGraphicsEnvironment"/>
    <property name="surefire.real.class.path" value="/Users/lixiaochen/Downloads/javaCourse/target/surefire/surefirebooter4576242726690737690.jar"/>
    <property name="sun.boot.class.path" value="/Library/Java/JavaVirtualMachines/jdk1.8.0_191.jdk/Contents/Home/jre/lib/resources.jar:/Library/Java/JavaVirtualMachines/jdk1.8.0_191.jdk/Contents/Home/jre/lib/rt.jar:/Library/Java/JavaVirtualMachines/jdk1.8.0_191.jdk/Contents/Home/jre/lib/sunrsasign.jar:/Library/Java/JavaVirtualMachines/jdk1.8.0_191.jdk/Contents/Home/jre/lib/jsse.jar:/Library/Java/JavaVirtualMachines/jdk1.8.0_191.jdk/Contents/Home/jre/lib/jce.jar:/Library/Java/JavaVirtualMachines/jdk1.8.0_191.jdk/Contents/Home/jre/lib/charsets.jar:/Library/Java/JavaVirtualMachines/jdk1.8.0_191.jdk/Contents/Home/jre/lib/jfr.jar:/Library/Java/JavaVirtualMachines/jdk1.8.0_191.jdk/Contents/Home/jre/classes"/>
    <property name="sun.management.compiler" value="HotSpot 64-Bit Tiered Compilers"/>
    <property name="ftp.nonProxyHosts" value="local|*.local|169.254/16|*.169.254/16"/>
    <property name="java.runtime.version" value="1.8.0_191-b12"/>
    <property name="user.name" value="lixiaochen"/>
    <property name="path.separator" value=":"/>
    <property name="os.version" value="10.15.6"/>
    <property name="java.endorsed.dirs" value="/Library/Java/JavaVirtualMachines/jdk1.8.0_191.jdk/Contents/Home/jre/lib/endorsed"/>
    <property name="java.runtime.name" value="Java(TM) SE Runtime Environment"/>
    <property name="file.encoding" value="UTF-8"/>
    <property name="java.vm.name" value="Java HotSpot(TM) 64-Bit Server VM"/>
    <property name="localRepository" value="/Users/lixiaochen/Library/apache-maven-3.6.3/repository"/>
    <property name="java.vendor.url.bug" value="http://bugreport.sun.com/bugreport/"/>
    <property name="java.io.tmpdir" value="/var/folders/1s/bkpt7crj0737wt2llc6plvp00000gn/T/"/>
    <property name="java.version" value="1.8.0_191"/>
    <property name="user.dir" value="/Users/lixiaochen/Downloads/javaCourse"/>
    <property name="os.arch" value="x86_64"/>
    <property name="java.vm.specification.name" value="Java Virtual Machine Specification"/>
    <property name="java.awt.printerjob" value="sun.lwawt.macosx.CPrinterJob"/>
    <property name="sun.os.patch.level" value="unknown"/>
    <property name="java.library.path" value="/Users/lixiaochen/Library/Java/Extensions:/Library/Java/Extensions:/Network/Library/Java/Extensions:/System/Library/Java/Extensions:/usr/lib/java:."/>
    <property name="java.vm.info" value="mixed mode"/>
    <property name="java.vendor" value="Oracle Corporation"/>
    <property name="java.vm.version" value="25.191-b12"/>
    <property name="java.ext.dirs" value="/Users/lixiaochen/Library/Java/Extensions:/Library/Java/JavaVirtualMachines/jdk1.8.0_191.jdk/Contents/Home/jre/lib/ext:/Library/Java/Extensions:/Network/Library/Java/Extensions:/System/Library/Java/Extensions:/usr/lib/java"/>
    <property name="sun.io.unicode.encoding" value="UnicodeBig"/>
    <property name="java.class.version" value="52.0"/>
    <property name="socksNonProxyHosts" value="local|*.local|169.254/16|*.169.254/16"/>
  </properties>
  <testcase name="hogwarts_three" classname="com.hogwarts.junit5Basics.ch08_junit5casename.DisplayNameExampleTest" time="0.003"/>
  <testcase name="hogwartsOne" classname="com.hogwarts.junit5Basics.ch08_junit5casename.DisplayNameExampleTest" time="0.002"/>
  <testcase name="hogwartsTwo" classname="com.hogwarts.junit5Basics.ch08_junit5casename.DisplayNameExampleTest" time="0.001"/>
</testsuite>